<?xml version="1.0" encoding="UTF-8"?>
<testng-results skipped="0" failed="0" ignored="0" total="1" passed="1">
  <reporter-output>
  </reporter-output>
  <suite name="Default suite" duration-ms="45" started-at="2022-09-06T10:49:43 IST" finished-at="2022-09-06T10:49:43 IST">
    <groups>
    </groups>
    <test name="Default test" duration-ms="45" started-at="2022-09-06T10:49:43 IST" finished-at="2022-09-06T10:49:43 IST">
      <class name="testNG.P1">
        <test-method status="PASS" signature="s()[pri:0, instance:testNG.P1@1f554b06]" name="s" duration-ms="7" started-at="2022-09-06T10:49:43 IST" finished-at="2022-09-06T10:49:43 IST">
          <reporter-output>
          </reporter-output>
        </test-method> <!-- s -->
      </class> <!-- testNG.P1 -->
    </test> <!-- Default test -->
  </suite> <!-- Default suite -->
</testng-results>
